Using pre-set license
Built from '2020.3/staging' branch; Version is '2020.3.19f1 (68f137dc9bbe) revision 6877495'; Using compiler version '192528614'; Build Type 'Release'
OS: 'Windows 10 Home; OS build 19043.1288; Version 2009; 64bit' Language: 'es' Physical Memory: 8029 MB
BatchMode: 1, IsHumanControllingUs: 0, StartBugReporterOnCrash: 0, Is64bit: 1, IsPro: 0

COMMAND LINE ARGUMENTS:
C:\Program Files\Unity\Hub\Editor\2020.3.19f1\Editor\Unity.exe
-adb2
-batchMode
-noUpm
-name
AssetImportWorker0
-projectPath
C:/AnnaLADAT/LADAT/Entregable1
-logFile
Logs/AssetImportWorker0.log
-srvPort
56105
Successfully changed project path to: C:/AnnaLADAT/LADAT/Entregable1
C:/AnnaLADAT/LADAT/Entregable1
Using Asset Import Pipeline V2.
Refreshing native plugins compatible for Editor in 28.24 ms, found 2 plugins.
Preloading 0 native plugins for Editor in 0.00 ms.
Initialize engine version: 2020.3.19f1 (68f137dc9bbe)
[Subsystems] Discovering subsystems at path C:/Program Files/Unity/Hub/Editor/2020.3.19f1/Editor/Data/Resources/UnitySubsystems
[Subsystems] Discovering subsystems at path C:/AnnaLADAT/LADAT/Entregable1/Assets
GfxDevice: creating device client; threaded=0
Direct3D:
    Version:  Direct3D 11.0 [level 11.1]
    Renderer: Intel(R) UHD Graphics (ID=0x9bc4)
    Vendor:   
    VRAM:     4014 MB
    Driver:   26.20.100.7985
Initialize mono
Mono path[0] = 'C:/Program Files/Unity/Hub/Editor/2020.3.19f1/Editor/Data/Managed'
Mono path[1] = 'C:/Program Files/Unity/Hub/Editor/2020.3.19f1/Editor/Data/MonoBleedingEdge/lib/mono/unityjit'
Mono config path = 'C:/Program Files/Unity/Hub/Editor/2020.3.19f1/Editor/Data/MonoBleedingEdge/etc'
Using monoOptions --debugger-agent=transport=dt_socket,embedding=1,server=y,suspend=n,address=127.0.0.1:56048
Begin MonoManager ReloadAssembly
Registering precompiled unity dll's ...
Register platform support module: C:/Program Files/Unity/Hub/Editor/2020.3.19f1/Editor/Data/PlaybackEngines/WindowsStandaloneSupport/UnityEditor.WindowsStandalone.Extensions.dll
Registered in 0.001851 seconds.
Native extension for WindowsStandalone target not found
Refreshing native plugins compatible for Editor in 33.84 ms, found 2 plugins.
Preloading 0 native plugins for Editor in 0.00 ms.
Mono: successfully reloaded assembly
- Completed reload, in  1.365 seconds
Domain Reload Profiling:
	ReloadAssembly (1366ms)
		BeginReloadAssembly (78ms)
			ExecutionOrderSort (0ms)
			DisableScriptedObjects (0ms)
			BackupInstance (0ms)
			ReleaseScriptingObjects (0ms)
			CreateAndSetChildDomain (2ms)
		EndReloadAssembly (547ms)
			LoadAssemblies (73ms)
			RebuildTransferFunctionScriptingTraits (0ms)
			SetupTypeCache (195ms)
			ReleaseScriptCaches (0ms)
			RebuildScriptCaches (69ms)
			SetupLoadedEditorAssemblies (158ms)
				LogAssemblyErrors (0ms)
				InitializePlatformSupportModulesInManaged (7ms)
				SetLoadedEditorAssemblies (0ms)
				RefreshPlugins (34ms)
				BeforeProcessingInitializeOnLoad (10ms)
				ProcessInitializeOnLoadAttributes (83ms)
				ProcessInitializeOnLoadMethodAttributes (25ms)
				AfterProcessingInitializeOnLoad (0ms)
				EditorAssembliesLoaded (0ms)
			ExecutionOrderSort2 (0ms)
			AwakeInstancesAfterBackupRestoration (0ms)
Platform modules already initialized, skipping
Registering precompiled user dll's ...
Registered in 0.003471 seconds.
Begin MonoManager ReloadAssembly
Native extension for WindowsStandalone target not found
Refreshing native plugins compatible for Editor in 0.32 ms, found 2 plugins.
Preloading 0 native plugins for Editor in 0.00 ms.
Mono: successfully reloaded assembly
- Completed reload, in  1.182 seconds
Domain Reload Profiling:
	ReloadAssembly (1183ms)
		BeginReloadAssembly (190ms)
			ExecutionOrderSort (0ms)
			DisableScriptedObjects (8ms)
			BackupInstance (0ms)
			ReleaseScriptingObjects (0ms)
			CreateAndSetChildDomain (20ms)
		EndReloadAssembly (928ms)
			LoadAssemblies (99ms)
			RebuildTransferFunctionScriptingTraits (0ms)
			SetupTypeCache (311ms)
			ReleaseScriptCaches (0ms)
			RebuildScriptCaches (38ms)
			SetupLoadedEditorAssemblies (378ms)
				LogAssemblyErrors (0ms)
				InitializePlatformSupportModulesInManaged (6ms)
				SetLoadedEditorAssemblies (1ms)
				RefreshPlugins (0ms)
				BeforeProcessingInitializeOnLoad (76ms)
				ProcessInitializeOnLoadAttributes (281ms)
				ProcessInitializeOnLoadMethodAttributes (5ms)
				AfterProcessingInitializeOnLoad (9ms)
				EditorAssembliesLoaded (0ms)
			ExecutionOrderSort2 (0ms)
			AwakeInstancesAfterBackupRestoration (11ms)
Platform modules already initialized, skipping
========================================================================
Worker process is ready to serve import requests
Launched and connected shader compiler UnityShaderCompiler.exe after 0.09 seconds
Refreshing native plugins compatible for Editor in 0.37 ms, found 2 plugins.
Preloading 0 native plugins for Editor in 0.00 ms.
Unloading 1397 Unused Serialized files (Serialized files now loaded: 0)
System memory in use before: 64.8 MB.
System memory in use after: 64.9 MB.

Unloading 16 unused Assets to reduce memory usage. Loaded Objects now: 1832.
Total: 3.120700 ms (FindLiveObjects: 0.173900 ms CreateObjectMapping: 0.041000 ms MarkObjects: 2.784900 ms  DeleteObjects: 0.119700 ms)

AssetImportParameters requested are different than current active one (requested -> active):
  custom:framework-win-MediaFoundation: 216162199b28c13a410421893ffa2e32 -> 
  custom:video-decoder-ogg-theora: a1e56fd34408186e4bbccfd4996cb3dc -> 
  custom:container-muxer-webm: aa71ff27fc2769a1b78a27578f13a17b -> 
  custom:container-demuxer-webm: 4f35f7cbe854078d1ac9338744f61a02 -> 
  custom:container-demuxer-ogg: 62fdf1f143b41e24485cea50d1cbac27 -> 
  custom:video-encoder-webm-vp8: eb34c28f22e8b96e1ab97ce403110664 -> 
  custom:video-decoder-webm-vp8: 9c59270c3fd7afecdb556c50c9e8de78 -> 
  custom:audio-decoder-ogg-vorbis: bf7c407c2cedff20999df2af8eb42d56 -> 
  custom:audio-encoder-webm-vorbis: bf7c407c2cedff20999df2af8eb42d56 -> 
========================================================================
Received Import Request.
  path: Assets
  artifactKey: Guid(00000000000000001000000000000000) Importer(815301076,1909f56bfc062723c751e8b465ee728b)
Start importing Assets using Guid(00000000000000001000000000000000) Importer(815301076,1909f56bfc062723c751e8b465ee728b)  -> (artifact id: '42d402b061de3733987d63b9cc3b64de') in 0.004368 seconds 
  Import took 0.007448 seconds .

========================================================================
Received Import Request.
  Time since last request: 5.034376 seconds.
  path: Assets/Prefabs
  artifactKey: Guid(a683ad13d08424d48bc811521e81edf4) Importer(815301076,1909f56bfc062723c751e8b465ee728b)
Start importing Assets/Prefabs using Guid(a683ad13d08424d48bc811521e81edf4) Importer(815301076,1909f56bfc062723c751e8b465ee728b)  -> (artifact id: '1efc4d648ef1c4c732ad6af3985e4549') in 0.005072 seconds 
  Import took 0.008954 seconds .

========================================================================
Received Import Request.
  Time since last request: 8.498597 seconds.
  path: Assets/Prefabs/Player.prefab
  artifactKey: Guid(872670b87836a3046951e80b2369fc86) Importer(815301076,1909f56bfc062723c751e8b465ee728b)
Start importing Assets/Prefabs/Player.prefab using Guid(872670b87836a3046951e80b2369fc86) Importer(815301076,1909f56bfc062723c751e8b465ee728b)  -> (artifact id: '3d3e87484b3d8ddaf19f8b0fe30a1088') in 0.116145 seconds 
  Import took 0.120893 seconds .

========================================================================
Received Import Request.
  Time since last request: 79.726836 seconds.
  path: Assets/Materiales
  artifactKey: Guid(76810e83ab4e41b4b8d70bdfd82d87a4) Importer(815301076,1909f56bfc062723c751e8b465ee728b)
Start importing Assets/Materiales using Guid(76810e83ab4e41b4b8d70bdfd82d87a4) Importer(815301076,1909f56bfc062723c751e8b465ee728b)  -> (artifact id: '32520ef840cd7d4fafcab222c8606f42') in 0.005416 seconds 
  Import took 0.010060 seconds .

========================================================================
Received Import Request.
  Time since last request: 9.417438 seconds.
  path: Assets/Materiales/Materiales
  artifactKey: Guid(2fef9b2f04003a14b949a4bc222e100a) Importer(815301076,1909f56bfc062723c751e8b465ee728b)
Start importing Assets/Materiales/Materiales using Guid(2fef9b2f04003a14b949a4bc222e100a) Importer(815301076,1909f56bfc062723c751e8b465ee728b)  -> (artifact id: 'dd772d9afa02e4f0bec4a3db0e650231') in 0.005082 seconds 
  Import took 0.011319 seconds .

========================================================================
Received Import Request.
  Time since last request: 7.178826 seconds.
  path: Assets/Materiales/Texturas
  artifactKey: Guid(b507cc34eb37e6e4eaf90eba9d18a820) Importer(815301076,1909f56bfc062723c751e8b465ee728b)
Start importing Assets/Materiales/Texturas using Guid(b507cc34eb37e6e4eaf90eba9d18a820) Importer(815301076,1909f56bfc062723c751e8b465ee728b)  -> (artifact id: 'ce52af76d35a9b9c771e3508e5578f09') in 0.005093 seconds 
  Import took 0.010082 seconds .

========================================================================
Received Import Request.
  Time since last request: 53.995858 seconds.
  path: Assets/Materiales/Texturas/700_FO43092910_9eca1639fb6cf6d7b1759f1a58a3f3d9 1.jpg
  artifactKey: Guid(4403174fc902de84e83277ee287993d0) Importer(815301076,1909f56bfc062723c751e8b465ee728b)
Start importing Assets/Materiales/Texturas/700_FO43092910_9eca1639fb6cf6d7b1759f1a58a3f3d9 1.jpg using Guid(4403174fc902de84e83277ee287993d0) Importer(815301076,1909f56bfc062723c751e8b465ee728b)  -> (artifact id: 'e4663800da746a3aef4d1bdd9a2d8443') in 0.045883 seconds 
  Import took 0.049180 seconds .

========================================================================
Received Import Request.
  Time since last request: 0.000344 seconds.
  path: Assets/Materiales/Texturas/700_FO43092910_9eca1639fb6cf6d7b1759f1a58a3f3d9.jpg
  artifactKey: Guid(0de17921c5a10bb4680b1b71263bff6f) Importer(815301076,1909f56bfc062723c751e8b465ee728b)
Start importing Assets/Materiales/Texturas/700_FO43092910_9eca1639fb6cf6d7b1759f1a58a3f3d9.jpg using Guid(0de17921c5a10bb4680b1b71263bff6f) Importer(815301076,1909f56bfc062723c751e8b465ee728b)  -> (artifact id: '07661019297feec3d391bcbf6dfa20a7') in 0.008037 seconds 
  Import took 0.011473 seconds .

========================================================================
Received Import Request.
  Time since last request: 96.871867 seconds.
  path: Assets/Materiales/Materiales/Blanco.mat
  artifactKey: Guid(dc217ef8134cd084fb31e643b8669a4d) Importer(815301076,1909f56bfc062723c751e8b465ee728b)
Start importing Assets/Materiales/Materiales/Blanco.mat using Guid(dc217ef8134cd084fb31e643b8669a4d) Importer(815301076,1909f56bfc062723c751e8b465ee728b)  -> (artifact id: '2136f329863a7c45b5d242f56d126d7f') in 0.051198 seconds 
  Import took 0.054227 seconds .

========================================================================
Received Import Request.
  Time since last request: 142.563969 seconds.
  path: Assets/Materiales/Materiales/Marron.mat
  artifactKey: Guid(6c5bebee381806c479e0263c23506d1f) Importer(815301076,1909f56bfc062723c751e8b465ee728b)
Start importing Assets/Materiales/Materiales/Marron.mat using Guid(6c5bebee381806c479e0263c23506d1f) Importer(815301076,1909f56bfc062723c751e8b465ee728b)  -> (artifact id: '53c415d48486bde4b621501d0ab3e876') in 0.015964 seconds 
  Import took 0.020983 seconds .

========================================================================
Received Import Request.
  Time since last request: 219.383759 seconds.
  path: Assets/Materiales/Materiales/Marron 1.mat
  artifactKey: Guid(1f14469e2aacd9d4d9b3699128b3fce6) Importer(815301076,1909f56bfc062723c751e8b465ee728b)
Start importing Assets/Materiales/Materiales/Marron 1.mat using Guid(1f14469e2aacd9d4d9b3699128b3fce6) Importer(815301076,1909f56bfc062723c751e8b465ee728b)  -> (artifact id: 'c29740ede95a517ee2ffb934edf6915c') in 0.012922 seconds 
  Import took 0.016592 seconds .

========================================================================
Received Import Request.
  Time since last request: 12.995752 seconds.
  path: Assets/Materiales/Materiales/Marron(Trans).mat
  artifactKey: Guid(6c5bebee381806c479e0263c23506d1f) Importer(815301076,1909f56bfc062723c751e8b465ee728b)
Start importing Assets/Materiales/Materiales/Marron(Trans).mat using Guid(6c5bebee381806c479e0263c23506d1f) Importer(815301076,1909f56bfc062723c751e8b465ee728b)  -> (artifact id: '1ad7a879eba7e7830aeaf57adb764069') in 0.245769 seconds 
  Import took 0.253758 seconds .

========================================================================
Received Import Request.
  Time since last request: 10.594368 seconds.
  path: Assets/Materiales/Materiales/Marron.mat
  artifactKey: Guid(1f14469e2aacd9d4d9b3699128b3fce6) Importer(815301076,1909f56bfc062723c751e8b465ee728b)
Start importing Assets/Materiales/Materiales/Marron.mat using Guid(1f14469e2aacd9d4d9b3699128b3fce6) Importer(815301076,1909f56bfc062723c751e8b465ee728b)  -> (artifact id: 'df27b5a5885627b82581e0c7bbde4915') in 0.012387 seconds 
  Import took 0.053168 seconds .

========================================================================
Received Import Request.
  Time since last request: 92.089267 seconds.
  path: Assets/Prefabs/Player Variant.prefab
  artifactKey: Guid(daf0fa820343b4c46b8f84ddeee8bf39) Importer(815301076,1909f56bfc062723c751e8b465ee728b)
Start importing Assets/Prefabs/Player Variant.prefab using Guid(daf0fa820343b4c46b8f84ddeee8bf39) Importer(815301076,1909f56bfc062723c751e8b465ee728b)  -> (artifact id: '3a99ccc31d22f9572cfafbb20f8a431b') in 0.016411 seconds 
  Import took 0.020158 seconds .

========================================================================
Received Import Request.
  Time since last request: 11.299969 seconds.
  path: Assets/Prefabs/Enemy.prefab
  artifactKey: Guid(daf0fa820343b4c46b8f84ddeee8bf39) Importer(815301076,1909f56bfc062723c751e8b465ee728b)
Start importing Assets/Prefabs/Enemy.prefab using Guid(daf0fa820343b4c46b8f84ddeee8bf39) Importer(815301076,1909f56bfc062723c751e8b465ee728b)  -> (artifact id: '7dd6558f0bcc308019a3b91dd61910a2') in 0.033055 seconds 
  Import took 0.040993 seconds .

========================================================================
Received Import Request.
  Time since last request: 61.078963 seconds.
  path: Assets/Prefabs/Enemy.prefab
  artifactKey: Guid(daf0fa820343b4c46b8f84ddeee8bf39) Importer(815301076,1909f56bfc062723c751e8b465ee728b)
Start importing Assets/Prefabs/Enemy.prefab using Guid(daf0fa820343b4c46b8f84ddeee8bf39) Importer(815301076,1909f56bfc062723c751e8b465ee728b)  -> (artifact id: '2942da5ca62d33eb911a078703f71d82') in 0.032668 seconds 
  Import took 0.040663 seconds .

========================================================================
Received Import Request.
  Time since last request: 2.959028 seconds.
  path: Assets/Prefabs/Enemy.prefab
  artifactKey: Guid(daf0fa820343b4c46b8f84ddeee8bf39) Importer(815301076,1909f56bfc062723c751e8b465ee728b)
Start importing Assets/Prefabs/Enemy.prefab using Guid(daf0fa820343b4c46b8f84ddeee8bf39) Importer(815301076,1909f56bfc062723c751e8b465ee728b)  -> (artifact id: '492147da7a2c44a2d94131ba680d9680') in 0.015527 seconds 
  Import took 0.019436 seconds .

========================================================================
Received Import Request.
  Time since last request: 5.338903 seconds.
  path: Assets/Prefabs/Enemy.prefab
  artifactKey: Guid(daf0fa820343b4c46b8f84ddeee8bf39) Importer(815301076,1909f56bfc062723c751e8b465ee728b)
Start importing Assets/Prefabs/Enemy.prefab using Guid(daf0fa820343b4c46b8f84ddeee8bf39) Importer(815301076,1909f56bfc062723c751e8b465ee728b)  -> (artifact id: 'c5da7addcdcc5eda7111e2987cfbbe3f') in 0.032634 seconds 
  Import took 0.039841 seconds .

========================================================================
Received Import Request.
  Time since last request: 2.400472 seconds.
  path: Assets/Prefabs/Enemy.prefab
  artifactKey: Guid(daf0fa820343b4c46b8f84ddeee8bf39) Importer(815301076,1909f56bfc062723c751e8b465ee728b)
Start importing Assets/Prefabs/Enemy.prefab using Guid(daf0fa820343b4c46b8f84ddeee8bf39) Importer(815301076,1909f56bfc062723c751e8b465ee728b)  -> (artifact id: '884ece0d4278a43ff086bef6b8db3c71') in 0.037319 seconds 
  Import took 0.045605 seconds .

========================================================================
Received Import Request.
  Time since last request: 7.251479 seconds.
  path: Assets/Prefabs/Enemy.prefab
  artifactKey: Guid(daf0fa820343b4c46b8f84ddeee8bf39) Importer(815301076,1909f56bfc062723c751e8b465ee728b)
Start importing Assets/Prefabs/Enemy.prefab using Guid(daf0fa820343b4c46b8f84ddeee8bf39) Importer(815301076,1909f56bfc062723c751e8b465ee728b)  -> (artifact id: '9520aa7cb079167d83ffaa993fb8b72a') in 0.019537 seconds 
  Import took 0.024589 seconds .

========================================================================
Received Import Request.
  Time since last request: 3.686397 seconds.
  path: Assets/Prefabs/Enemy.prefab
  artifactKey: Guid(daf0fa820343b4c46b8f84ddeee8bf39) Importer(815301076,1909f56bfc062723c751e8b465ee728b)
Start importing Assets/Prefabs/Enemy.prefab using Guid(daf0fa820343b4c46b8f84ddeee8bf39) Importer(815301076,1909f56bfc062723c751e8b465ee728b)  -> (artifact id: 'e462825c94386a36280ad68b46c006ae') in 0.038407 seconds 
  Import took 0.047032 seconds .

========================================================================
Received Import Request.
  Time since last request: 5.653572 seconds.
  path: Assets/Prefabs/Enemy.prefab
  artifactKey: Guid(daf0fa820343b4c46b8f84ddeee8bf39) Importer(815301076,1909f56bfc062723c751e8b465ee728b)
Start importing Assets/Prefabs/Enemy.prefab using Guid(daf0fa820343b4c46b8f84ddeee8bf39) Importer(815301076,1909f56bfc062723c751e8b465ee728b)  -> (artifact id: '6ac4f67b156ef8a4cdf5c23c14b08685') in 0.035844 seconds 
  Import took 0.044851 seconds .

========================================================================
Received Import Request.
  Time since last request: 11.531318 seconds.
  path: Assets/Prefabs/Enemy.prefab
  artifactKey: Guid(daf0fa820343b4c46b8f84ddeee8bf39) Importer(815301076,1909f56bfc062723c751e8b465ee728b)
Start importing Assets/Prefabs/Enemy.prefab using Guid(daf0fa820343b4c46b8f84ddeee8bf39) Importer(815301076,1909f56bfc062723c751e8b465ee728b)  -> (artifact id: '27047963a3c4eaf33c70e1f62dc6b3ea') in 0.037503 seconds 
  Import took 0.045934 seconds .

========================================================================
Received Import Request.
  Time since last request: 5.306887 seconds.
  path: Assets/Prefabs/Enemy.prefab
  artifactKey: Guid(daf0fa820343b4c46b8f84ddeee8bf39) Importer(815301076,1909f56bfc062723c751e8b465ee728b)
Start importing Assets/Prefabs/Enemy.prefab using Guid(daf0fa820343b4c46b8f84ddeee8bf39) Importer(815301076,1909f56bfc062723c751e8b465ee728b)  -> (artifact id: '10c75765bf7459217781dabb91452d5a') in 0.034862 seconds 
  Import took 0.044540 seconds .

========================================================================
Received Import Request.
  Time since last request: 4.496586 seconds.
  path: Assets/Prefabs/Enemy.prefab
  artifactKey: Guid(daf0fa820343b4c46b8f84ddeee8bf39) Importer(815301076,1909f56bfc062723c751e8b465ee728b)
Start importing Assets/Prefabs/Enemy.prefab using Guid(daf0fa820343b4c46b8f84ddeee8bf39) Importer(815301076,1909f56bfc062723c751e8b465ee728b)  -> (artifact id: '53b2bc295f62a9709a8529f34c1ee84e') in 0.020827 seconds 
  Import took 0.025664 seconds .

========================================================================
Received Import Request.
  Time since last request: 9.554119 seconds.
  path: Assets/Prefabs/Enemy.prefab
  artifactKey: Guid(daf0fa820343b4c46b8f84ddeee8bf39) Importer(815301076,1909f56bfc062723c751e8b465ee728b)
Start importing Assets/Prefabs/Enemy.prefab using Guid(daf0fa820343b4c46b8f84ddeee8bf39) Importer(815301076,1909f56bfc062723c751e8b465ee728b)  -> (artifact id: '40aa088ed087ce32b5926947cf943ade') in 0.036184 seconds 
  Import took 0.044810 seconds .

========================================================================
Received Import Request.
  Time since last request: 12.774405 seconds.
  path: Assets/Prefabs/Enemy.prefab
  artifactKey: Guid(daf0fa820343b4c46b8f84ddeee8bf39) Importer(815301076,1909f56bfc062723c751e8b465ee728b)
Start importing Assets/Prefabs/Enemy.prefab using Guid(daf0fa820343b4c46b8f84ddeee8bf39) Importer(815301076,1909f56bfc062723c751e8b465ee728b)  -> (artifact id: '88beeef692c2b41d8698ed3431203f77') in 0.037034 seconds 
  Import took 0.046635 seconds .

========================================================================
Received Import Request.
  Time since last request: 4.964532 seconds.
  path: Assets/Prefabs/Enemy.prefab
  artifactKey: Guid(daf0fa820343b4c46b8f84ddeee8bf39) Importer(815301076,1909f56bfc062723c751e8b465ee728b)
Start importing Assets/Prefabs/Enemy.prefab using Guid(daf0fa820343b4c46b8f84ddeee8bf39) Importer(815301076,1909f56bfc062723c751e8b465ee728b)  -> (artifact id: 'a8ab855395e764ca218cf2f73aedf965') in 0.019684 seconds 
  Import took 0.025413 seconds .

========================================================================
Received Import Request.
  Time since last request: 5.333492 seconds.
  path: Assets/Prefabs/Enemy.prefab
  artifactKey: Guid(daf0fa820343b4c46b8f84ddeee8bf39) Importer(815301076,1909f56bfc062723c751e8b465ee728b)
Start importing Assets/Prefabs/Enemy.prefab using Guid(daf0fa820343b4c46b8f84ddeee8bf39) Importer(815301076,1909f56bfc062723c751e8b465ee728b)  -> (artifact id: '1de287d954ead0458f8e69cc478f8337') in 0.036542 seconds 
  Import took 0.044959 seconds .

========================================================================
Received Import Request.
  Time since last request: 7.666327 seconds.
  path: Assets/Prefabs/Enemy.prefab
  artifactKey: Guid(daf0fa820343b4c46b8f84ddeee8bf39) Importer(815301076,1909f56bfc062723c751e8b465ee728b)
Start importing Assets/Prefabs/Enemy.prefab using Guid(daf0fa820343b4c46b8f84ddeee8bf39) Importer(815301076,1909f56bfc062723c751e8b465ee728b)  -> (artifact id: '88b4b97cf7f66694d810640ee87f7dbb') in 0.038779 seconds 
  Import took 0.047335 seconds .

========================================================================
Received Import Request.
  Time since last request: 25.645133 seconds.
  path: Assets/Prefabs/Enemy.prefab
  artifactKey: Guid(daf0fa820343b4c46b8f84ddeee8bf39) Importer(815301076,1909f56bfc062723c751e8b465ee728b)
Start importing Assets/Prefabs/Enemy.prefab using Guid(daf0fa820343b4c46b8f84ddeee8bf39) Importer(815301076,1909f56bfc062723c751e8b465ee728b)  -> (artifact id: 'e1f975230bd14425cba210a92cf6ab06') in 0.037541 seconds 
  Import took 0.045316 seconds .

========================================================================
Received Import Request.
  Time since last request: 145.731766 seconds.
  path: Assets/Materiales/Texturas/unnamed 1.jpg
  artifactKey: Guid(84ecba4f79100b345a58bf63a2c061e4) Importer(815301076,1909f56bfc062723c751e8b465ee728b)
Start importing Assets/Materiales/Texturas/unnamed 1.jpg using Guid(84ecba4f79100b345a58bf63a2c061e4) Importer(815301076,1909f56bfc062723c751e8b465ee728b)  -> (artifact id: '417d72f6e39b14f2fe893f0396e6fe9b') in 0.024421 seconds 
  Import took 0.031641 seconds .

========================================================================
Received Import Request.
  Time since last request: 0.000717 seconds.
  path: Assets/Materiales/Texturas/unnamed.jpg
  artifactKey: Guid(a47d7219f2d2cd7419fb2fcf4914885c) Importer(815301076,1909f56bfc062723c751e8b465ee728b)
Start importing Assets/Materiales/Texturas/unnamed.jpg using Guid(a47d7219f2d2cd7419fb2fcf4914885c) Importer(815301076,1909f56bfc062723c751e8b465ee728b)  -> (artifact id: 'd425d9bea24993b4fb29c2c38f2f06ba') in 0.022556 seconds 
  Import took 0.031468 seconds .

========================================================================
Received Import Request.
  Time since last request: 27.496947 seconds.
  path: Assets/Materiales/Materiales/Leopardo.mat
  artifactKey: Guid(999be830fa933b44c85fd38e7c596365) Importer(815301076,1909f56bfc062723c751e8b465ee728b)
Start importing Assets/Materiales/Materiales/Leopardo.mat using Guid(999be830fa933b44c85fd38e7c596365) Importer(815301076,1909f56bfc062723c751e8b465ee728b)  -> (artifact id: 'bdcaf9b61fda501ccaa529461205993e') in 0.027602 seconds 
  Import took 0.035214 seconds .

========================================================================
Received Import Request.
  Time since last request: 7.156601 seconds.
  path: Assets/Materiales/Materiales/Girafa.mat
  artifactKey: Guid(dc217ef8134cd084fb31e643b8669a4d) Importer(815301076,1909f56bfc062723c751e8b465ee728b)
Start importing Assets/Materiales/Materiales/Girafa.mat using Guid(dc217ef8134cd084fb31e643b8669a4d) Importer(815301076,1909f56bfc062723c751e8b465ee728b)  -> (artifact id: 'a363ecc48777421d4b6272cb9f3f4915') in 0.029079 seconds 
  Import took 0.035254 seconds .

========================================================================
Received Import Request.
  Time since last request: 75.112292 seconds.
  path: Assets/Materiales/Materiales/Amarillo(Trans).mat
  artifactKey: Guid(97d54697e250c884e8ee858e53027ffc) Importer(815301076,1909f56bfc062723c751e8b465ee728b)
Start importing Assets/Materiales/Materiales/Amarillo(Trans).mat using Guid(97d54697e250c884e8ee858e53027ffc) Importer(815301076,1909f56bfc062723c751e8b465ee728b)  -> (artifact id: '14a8949cc8123cebf855328a53968142') in 0.028476 seconds 
  Import took 0.039307 seconds .

========================================================================
Received Import Request.
  Time since last request: 40.523941 seconds.
  path: Assets/Materiales/Materiales/Amarillo.mat
  artifactKey: Guid(23208a618afb41348afa11f766ffbc18) Importer(815301076,1909f56bfc062723c751e8b465ee728b)
Start importing Assets/Materiales/Materiales/Amarillo.mat using Guid(23208a618afb41348afa11f766ffbc18) Importer(815301076,1909f56bfc062723c751e8b465ee728b)  -> (artifact id: '5745b612916eb083e666b1a3b5ffbdb3') in 0.014461 seconds 
  Import took 0.056225 seconds .

========================================================================
Received Import Request.
  Time since last request: 38.764230 seconds.
  path: Assets/Materiales/Materiales/Marron2.mat
  artifactKey: Guid(c616b8ac8b00dc9428ba4b4c4bf28d67) Importer(815301076,1909f56bfc062723c751e8b465ee728b)
Start importing Assets/Materiales/Materiales/Marron2.mat using Guid(c616b8ac8b00dc9428ba4b4c4bf28d67) Importer(815301076,1909f56bfc062723c751e8b465ee728b)  -> (artifact id: 'c0815eac4229f49d936f10857de01032') in 0.015088 seconds 
  Import took 0.019379 seconds .

========================================================================
Received Import Request.
  Time since last request: 147.799190 seconds.
  path: Assets/Prefabs/Enemy.prefab
  artifactKey: Guid(daf0fa820343b4c46b8f84ddeee8bf39) Importer(815301076,1909f56bfc062723c751e8b465ee728b)
Start importing Assets/Prefabs/Enemy.prefab using Guid(daf0fa820343b4c46b8f84ddeee8bf39) Importer(815301076,1909f56bfc062723c751e8b465ee728b)  -> (artifact id: '2dfb211d7d730be65b21e5100e923065') in 0.037034 seconds 
  Import took 0.084840 seconds .

========================================================================
Received Import Request.
  Time since last request: 68.226673 seconds.
  path: Assets/Prefabs/Enemy.prefab
  artifactKey: Guid(daf0fa820343b4c46b8f84ddeee8bf39) Importer(815301076,1909f56bfc062723c751e8b465ee728b)
Start importing Assets/Prefabs/Enemy.prefab using Guid(daf0fa820343b4c46b8f84ddeee8bf39) Importer(815301076,1909f56bfc062723c751e8b465ee728b)  -> (artifact id: 'f4ff2fab64de17652c5ec71d881a1791') in 0.035019 seconds 
  Import took 0.082050 seconds .

========================================================================
Received Import Request.
  Time since last request: 0.000774 seconds.
  path: Assets/Prefabs/Player.prefab
  artifactKey: Guid(872670b87836a3046951e80b2369fc86) Importer(815301076,1909f56bfc062723c751e8b465ee728b)
Start importing Assets/Prefabs/Player.prefab using Guid(872670b87836a3046951e80b2369fc86) Importer(815301076,1909f56bfc062723c751e8b465ee728b)  -> (artifact id: 'e1d20d64623561d28cc74d1dd98187a9') in 0.035956 seconds 
  Import took 0.045069 seconds .

AssetImportWorkerClient::OnTransportError - code=2 error=End of file
